<?xml version="1.0" encoding="UTF-8"?>
<!-- Generated by org.testng.reporters.JUnitReportReporter -->
<testsuite hostname="BSUSAL-01835" failures="0" tests="1" name="pageClass.ReadProperties" time="26.057" errors="0" timestamp="2024-06-13T18:14:16 EDT" skipped="0">
  <testcase classname="pageClass.ReadProperties" name="ReadPropertiesFile" time="26.057"/>
  <system-out/>
</testsuite> <!-- pageClass.ReadProperties -->
