<?xml version="1.0" encoding="UTF-8"?>
<!-- Generated by org.testng.reporters.JUnitReportReporter -->
<testsuite hostname="BSUSAL-01835" failures="0" tests="1" name="DemoGroupId.DemoArtifactId.Demo1" time="23.799" errors="0" timestamp="2024-05-12T22:06:57 EDT" skipped="0">
  <testcase classname="DemoGroupId.DemoArtifactId.Demo1" name="LoginPage" time="23.799"/>
  <system-out/>
</testsuite> <!-- DemoGroupId.DemoArtifactId.Demo1 -->
