<?xml version="1.0" encoding="UTF-8"?>
<!-- Generated by org.testng.reporters.JUnitReportReporter -->
<testsuite hostname="BSUSAL-01835" failures="0" tests="1" name="testClass.TestCase1" time="27.295" errors="0" timestamp="2024-05-20T18:16:52 EDT" skipped="0">
  <testcase classname="testClass.TestCase1" name="LoginPage" time="27.295"/>
  <system-out/>
</testsuite> <!-- testClass.TestCase1 -->
