<?xml version="1.0" encoding="UTF-8"?>
<!-- Generated by org.testng.reporters.JUnitReportReporter -->
<testsuite hostname="BSUSAL-01835" failures="0" tests="1" name="testClass.TableCode" time="30.077" errors="0" timestamp="2024-05-16T18:55:36 EDT" skipped="0">
  <testcase classname="testClass.TableCode" name="TestClass" time="30.077"/>
  <system-out/>
</testsuite> <!-- testClass.TableCode -->
